{
  "checkpoint_id": "cp_20260128_085723",
  "created_at": "2026-01-28T08:57:23Z",
  "type": "initialization",
  "stage_completed": "initialization",
  "git_sha": "e8abae80b3ad0824cbdb5d6d79586b5399eb84b7",
  "git_tag": "cp_20260128_085723",

  "state_snapshot": {
    "project_state": {
      "project": {
        "name": "Unified Business Management System",
        "description": "Multi-business ERP system integrating POS, Inventory, Accounting, and BI for 3 businesses (Water Packaging, Laundry, Retail/LPG)",
        "created": "2026-01-28T08:40:00Z",
        "version": "0.1.0",
        "phase": "initialization",
        "budget": {
          "total": "$15,000 USD",
          "operational": "$200/month",
          "currency": "USD"
        },
        "timeline": {
          "mvp_target": "3 months",
          "target_completion": "2026-04-28"
        }
      },
      "workflow": {
        "current_stage": "initialization",
        "current_step": 1,
        "stages_completed": [],
        "stages_remaining": ["research", "refactor", "implementation", "validation", "deployment"],
        "paused": false
      },
      "agents": {
        "next_agent": "orchestrator",
        "last_active": null
      },
      "escalations": {
        "pending_count": 1,
        "pending_ids": ["esc_mission_definition_20260128_084000"]
      }
    },
    "decisions_made": 0,
    "agents_run": [],
    "files_created": [
      ".ai/state/PROJECT_STATE.json",
      ".ai/state/AGENT_HISTORY.json",
      ".ai/checkpoints/CHECKPOINT_INDEX.json",
      ".ai/escalations/pending/esc_mission_definition_20260128_084000.json"
    ]
  },

  "verification": {
    "tests_passing": true,
    "no_pending_escalations": false,
    "documentation_complete": false,
    "human_approved": false
  },

  "rollback_safe": true,
  "notes": "Initial project checkpoint. Multi-agent system initialized but paused awaiting mission definition. Project structure created, state management configured, version control initialized."
}
