{
  "checkpoint_id": "cp_mission_approved_20260128_090356",
  "created_at": "2026-01-28T09:03:56Z",
  "type": "stage_gate",
  "stage_completed": "initialization",
  "git_sha": "5518ad101fd3ad61fcf1390e90017304398a86d2",
  "git_tag": "cp_mission_approved_20260128_090356",

  "state_snapshot": {
    "project_state": {
      "phase": "research",
      "workflow_stage": "research",
      "workflow_step": 1,
      "workflow_paused": false,
      "mission_approved": true,
      "next_agent": "research_agent"
    },
    "decisions_made": 7,
    "decisions_locked": [
      "DEC-001: Mission Definition Approved",
      "DEC-002: Technology Stack Selection (Django 5.0+ / PostgreSQL / PWA)",
      "DEC-003: Multi-Business Architecture (Water, Laundry, Retail/LPG)",
      "DEC-004: Mobile-First Design Philosophy",
      "DEC-005: Double-Entry Financial System",
      "DEC-006: M-Pesa Integration (Safaricom Daraja API)",
      "DEC-007: Budget and Timeline Constraints ($15,000, 3 months MVP)"
    ],
    "agents_run": ["orchestrator"],
    "files_created": [
      "MISSION.md",
      ".ai/context/ARCHITECTURE.md",
      ".ai/context/DECISIONS.md",
      ".ai/context/CONSTRAINTS.md",
      ".ai/workflows/research.workflow.json",
      ".ai/escalations/resolved/esc_mission_definition_20260128_084000.json"
    ]
  },

  "verification": {
    "tests_passing": true,
    "no_pending_escalations": true,
    "documentation_complete": true,
    "human_approved": true
  },

  "validation_checks": {
    "mission_document_exists": true,
    "mission_comprehensive": true,
    "architecture_document_created": true,
    "decisions_document_created": true,
    "constraints_document_created": true,
    "research_workflow_defined": true,
    "state_files_updated": true,
    "git_commit_created": true,
    "git_tag_created": true
  },

  "key_milestones": [
    "Mission definition approved and locked",
    "Technology stack locked (Django, PostgreSQL, PWA)",
    "Mobile-first approach confirmed as critical requirement",
    "Multi-business architecture approved",
    "Financial integrity requirements locked (double-entry)",
    "M-Pesa integration confirmed as MVP requirement",
    "Budget and timeline constraints established",
    "Research stage workflow defined (14 steps)",
    "No pending escalations - workflow unpaused"
  ],

  "rollback_safe": true,
  "rollback_instructions": "To rollback to this checkpoint:\n1. git checkout cp_mission_approved_20260128_090356\n2. git checkout cp_mission_approved_20260128_090356 -- .ai/state/\n3. git checkout cp_mission_approved_20260128_090356 -- .ai/context/\n4. Review state and resume workflow",

  "next_stage": "research",
  "next_agent": "research_agent",
  "next_steps": [
    "Research agent investigates frontend framework options (React vs Vue.js vs Svelte)",
    "Research agent investigates mobile UI component libraries",
    "Research agent investigates offline storage strategies",
    "Research agent investigates task queue systems",
    "Research agent investigates chart/visualization libraries",
    "Research agent investigates caching strategies",
    "Research agent investigates API authentication strategies",
    "Research agent investigates real-time update approaches",
    "Research agent investigates testing frameworks",
    "Research agent deep-dives into M-Pesa integration",
    "Research agent researches PWA service worker architecture",
    "Research agent researches database schema for multi-business",
    "Research agent compiles findings into comprehensive recommendations"
  ],

  "estimated_research_duration": "30-40 hours",
  "critical_success_factors": [
    "All technical decisions backed by research evidence",
    "Mobile-first PWA approach validated",
    "Cost implications documented for each choice",
    "Implementation complexity assessed",
    "Risks identified with mitigation strategies",
    "3-month MVP timeline feasibility confirmed"
  ],

  "notes": "Mission approval checkpoint标志着项目从初始化阶段正式进入研究阶段。所有核心决策已锁定，研究阶段将对10个待定的技术决策进行深入调查，为实施阶段提供明确的技术方向和实施计划。",

  "created_by": "orchestrator",
  "run_id": "run_20260128_090000"
}
